mode: set
ring/schema/import.go:35.79,41.2 5 0
ring/schema/import.go:43.40,44.37 1 0
ring/schema/import.go:47.2,47.49 1 0
ring/schema/import.go:50.2,50.12 1 0
ring/schema/import.go:44.37,46.3 1 0
ring/schema/import.go:47.49,49.3 1 0
ring/schema/import.go:56.43,59.16 2 0
ring/schema/import.go:62.2,69.6 7 0
ring/schema/import.go:105.2,105.12 1 0
ring/schema/import.go:59.16,61.3 1 0
ring/schema/import.go:69.6,71.34 2 0
ring/schema/import.go:77.3,77.27 1 0
ring/schema/import.go:71.34,73.9 1 0
ring/schema/import.go:74.9,74.24 1 0
ring/schema/import.go:74.24,76.4 1 0
ring/schema/import.go:78.25,79.110 1 0
ring/schema/import.go:87.4,87.56 1 0
ring/schema/import.go:92.4,92.59 1 0
ring/schema/import.go:97.4,97.56 1 0
ring/schema/import.go:102.11,102.11 0 0
ring/schema/import.go:79.110,86.5 6 0
ring/schema/import.go:87.56,91.5 3 0
ring/schema/import.go:92.59,96.5 3 0
ring/schema/import.go:97.56,101.5 3 0
ring/schema/import.go:108.117,114.29 6 0
ring/schema/import.go:125.2,125.15 1 0
ring/schema/import.go:114.29,116.48 2 0
ring/schema/import.go:117.34,119.9 2 0
ring/schema/import.go:120.59,122.9 2 0
ring/schema/import.go:128.75,129.23 1 0
ring/schema/import.go:138.2,138.11 1 0
ring/schema/import.go:129.23,131.30 2 0
ring/schema/import.go:131.30,133.62 2 0
ring/schema/import.go:133.62,135.5 1 0
ring/schema/import.go:141.53,143.16 2 0
ring/schema/import.go:146.2,146.11 1 0
ring/schema/import.go:143.16,145.3 1 0
ring/schema/schema.go:39.33,52.26 11 1
ring/schema/schema.go:64.2,69.24 6 1
ring/schema/schema.go:52.26,56.3 2 0
ring/schema/schema.go:56.8,63.3 4 1
ring/schema/schema.go:75.37,77.2 1 1
ring/schema/schema.go:79.40,81.2 1 1
ring/schema/schema.go:83.47,85.2 1 1
ring/schema/schema.go:87.52,89.2 1 1
ring/schema/schema.go:91.41,93.2 1 1
ring/schema/schema.go:95.39,97.2 1 1
ring/schema/schema.go:99.48,101.2 1 0
ring/schema/schema.go:103.47,105.2 1 0
ring/schema/schema.go:107.79,109.2 1 0
ring/schema/schema.go:111.61,113.2 1 0
ring/schema/schema.go:118.58,119.40 1 1
ring/schema/schema.go:122.2,122.12 1 1
ring/schema/schema.go:119.40,121.3 1 1
ring/schema/schema.go:124.64,126.34 2 1
ring/schema/schema.go:138.2,138.12 1 0
ring/schema/schema.go:126.34,130.26 4 1
ring/schema/schema.go:130.26,132.4 1 1
ring/schema/schema.go:132.9,132.32 1 0
ring/schema/schema.go:132.32,134.4 1 0
ring/schema/schema.go:134.9,136.4 1 0
ring/schema/schema.go:140.53,141.42 1 1
ring/schema/schema.go:144.2,144.12 1 1
ring/schema/schema.go:141.42,143.3 1 1
ring/schema/schema.go:146.43,147.19 1 0
ring/schema/schema.go:147.19,149.3 1 0
ring/schema/schema.go:149.8,151.3 1 0
ring/schema/schema.go:154.39,159.34 5 1
ring/schema/schema.go:163.2,163.47 1 1
ring/schema/schema.go:167.2,167.37 1 1
ring/schema/schema.go:170.2,173.18 2 1
ring/schema/schema.go:159.34,162.3 2 1
ring/schema/schema.go:163.47,166.3 2 1
ring/schema/schema.go:167.37,169.3 1 1
ring/schema/schema.go:176.66,177.26 1 0
ring/schema/schema.go:177.26,179.3 1 0
ring/schema/schema.go:181.66,182.26 1 0
ring/schema/schema.go:182.26,184.3 1 0
ring/schema/schema.go:186.67,187.26 1 0
ring/schema/schema.go:187.26,189.3 1 0
ring/schema/schema.go:191.67,192.26 1 0
ring/schema/schema.go:192.26,194.3 1 0
ring/schema/schema.go:196.67,197.26 1 0
ring/schema/schema.go:197.26,199.3 1 0
ring/schema/schema.go:202.54,208.36 4 0
ring/schema/schema.go:215.2,219.12 5 0
ring/schema/schema.go:208.36,210.17 2 0
ring/schema/schema.go:210.17,213.4 2 0
ring/schema/schema.go:225.98,229.2 3 0
ring/schema/schema.go:231.50,236.23 3 1
ring/schema/schema.go:239.2,242.35 3 1
ring/schema/schema.go:236.23,238.3 1 1
ring/schema/schema.go:242.35,246.3 3 1
ring/schema/schema.go:249.65,251.40 2 1
ring/schema/schema.go:251.40,253.3 1 1
ring/schema/schema.go:256.39,258.35 2 1
ring/schema/schema.go:265.2,267.51 2 1
ring/schema/schema.go:258.35,264.3 5 1
ring/schema/schema.go:267.51,269.3 1 1
ring/schema/schema.go:272.103,274.28 1 1
ring/schema/schema.go:277.2,277.13 1 0
ring/schema/schema.go:274.28,276.3 1 1
ring/schema/schema.go:280.176,304.2 15 1
ring/schema/schema.go:306.45,308.26 2 1
ring/schema/schema.go:311.2,311.11 1 0
ring/schema/schema.go:308.26,310.3 1 1
ring/schema/sequence.go:32.135,42.2 9 1
ring/schema/sequence.go:47.41,49.2 1 0
ring/schema/sequence.go:51.44,53.2 1 0
ring/schema/sequence.go:55.51,57.2 1 0
ring/schema/sequence.go:59.47,61.2 1 0
ring/schema/sequence.go:63.47,65.2 1 0
ring/schema/sequence.go:67.47,69.2 1 0
ring/schema/sequence.go:71.65,73.2 1 0
ring/schema/sequence.go:81.55,91.2 9 0
ring/schema/sequence.go:93.56,98.2 4 0
ring/schema/sequence.go:100.62,106.2 4 1
ring/schema/sequence.go:108.66,113.2 4 1
ring/schema/sequence.go:115.67,120.2 4 1
ring/schema/sequence.go:122.63,127.2 4 1
ring/schema/sequence.go:129.64,134.2 4 1
ring/schema/sequence.go:136.64,141.2 4 1
ring/schema/sequence.go:143.42,163.2 12 0
ring/schema/index.go:32.43,42.2 9 1
ring/schema/index.go:47.35,49.2 1 1
ring/schema/index.go:51.38,53.2 1 1
ring/schema/index.go:55.45,57.2 1 1
ring/schema/index.go:59.42,61.2 1 1
ring/schema/index.go:63.37,65.2 1 1
ring/schema/index.go:67.37,69.2 1 1
ring/schema/index.go:71.39,73.2 1 1
ring/schema/index.go:75.37,77.2 1 1
ring/schema/index.go:79.40,81.2 1 1
ring/schema/index.go:83.59,86.2 1 0
ring/schema/index.go:92.36,101.2 5 1
ring/schema/index.go:103.109,104.18 1 1
ring/schema/index.go:110.2,110.11 1 1
ring/schema/index.go:105.27,106.47 1 1
ring/schema/index.go:107.25,108.33 1 1
ring/schema/index.go:113.58,118.25 4 1
ring/schema/index.go:133.2,133.24 1 1
ring/schema/index.go:119.26,123.8 4 1
ring/schema/index.go:124.21,127.8 3 1
ring/schema/index.go:128.10,131.74 3 1
ring/schema/index.go:139.36,161.2 14 1
ring/schema/index.go:163.49,165.19 1 1
ring/schema/index.go:165.19,168.3 2 1
ring/schema/index.go:168.8,170.3 1 1
ring/schema/index.go:173.53,174.67 1 1
ring/schema/index.go:177.2,185.23 9 1
ring/schema/index.go:174.67,176.3 1 1
ring/schema/index.go:188.79,193.26 4 1
ring/schema/index.go:196.2,196.23 1 1
ring/schema/index.go:199.2,199.27 1 1
ring/schema/index.go:207.2,207.24 1 1
ring/schema/index.go:212.2,212.11 1 1
ring/schema/index.go:193.26,195.3 1 1
ring/schema/index.go:196.23,198.3 1 1
ring/schema/index.go:199.27,200.42 1 1
ring/schema/index.go:200.42,202.31 2 1
ring/schema/index.go:202.31,204.5 1 1
ring/schema/index.go:208.35,210.101 1 1
ring/schema/index.go:215.50,224.2 6 0
ring/schema/log.go:40.61,44.19 3 1
ring/schema/log.go:44.19,46.3 1 1
ring/schema/log.go:46.8,50.3 3 1
ring/schema/log.go:54.47,57.2 2 1
ring/schema/log.go:62.45,63.22 1 1
ring/schema/log.go:63.22,65.3 1 1
ring/schema/log.go:65.8,67.3 1 1
ring/schema/log.go:69.47,70.24 1 1
ring/schema/log.go:70.24,72.3 1 0
ring/schema/log.go:72.8,74.3 1 1
ring/schema/log.go:76.35,82.2 3 1
ring/schema/log.go:83.49,84.25 1 0
ring/schema/log.go:84.25,86.3 1 0
ring/schema/log.go:86.8,88.3 1 0
ring/schema/log.go:91.46,93.2 1 1
ring/schema/log.go:104.73,106.2 1 0
ring/schema/log.go:109.74,111.2 1 0
ring/schema/log.go:114.74,116.2 1 0
ring/schema/log.go:119.74,121.2 1 0
ring/schema/log.go:124.73,126.2 1 1
ring/schema/log.go:129.96,135.103 4 1
ring/schema/log.go:135.103,138.3 2 0
ring/schema/log.go:138.8,138.34 1 1
ring/schema/log.go:138.34,142.3 2 0
ring/schema/log.go:142.9,146.3 0 1
ring/schema/log.go:149.43,153.2 3 0
ring/schema/log.go:155.48,158.25 1 0
ring/schema/log.go:158.25,161.104 3 0
ring/schema/log.go:161.104,166.9 4 0
ring/schema/log.go:172.122,188.2 13 1
ring/schema/log.go:190.60,194.62 2 1
ring/schema/log.go:197.2,200.56 4 1
ring/schema/log.go:204.2,204.44 1 1
ring/schema/log.go:194.62,196.3 1 0
ring/schema/log.go:200.56,203.3 2 1
ring/schema/log.go:207.38,209.2 1 1
ring/schema/log.go:212.59,221.11 5 1
ring/schema/log.go:231.2,231.14 1 1
ring/schema/log.go:221.11,223.89 2 1
ring/schema/log.go:223.89,226.38 3 1
ring/schema/log.go:226.38,228.5 1 1
ring/schema/log.go:234.60,235.21 1 1
ring/schema/log.go:242.2,242.11 1 0
ring/schema/log.go:235.21,237.23 2 1
ring/schema/log.go:238.15,239.25 1 1
ring/schema/log.go:245.64,246.21 1 1
ring/schema/log.go:253.2,253.11 1 0
ring/schema/log.go:246.21,248.23 2 1
ring/schema/log.go:249.15,250.25 1 1
ring/schema/metaquery.go:36.60,39.2 2 1
ring/schema/metaquery.go:44.54,47.2 2 0
ring/schema/metaquery.go:49.52,50.25 1 0
ring/schema/metaquery.go:54.2,56.24 3 0
ring/schema/metaquery.go:50.25,53.3 1 0
ring/schema/metaquery.go:56.24,58.3 1 0
ring/schema/metaquery.go:64.60,71.23 6 0
ring/schema/metaquery.go:87.2,87.16 1 0
ring/schema/metaquery.go:92.2,96.36 3 0
ring/schema/metaquery.go:100.2,100.18 1 0
ring/schema/metaquery.go:114.2,115.12 2 0
ring/schema/metaquery.go:71.23,78.3 6 0
ring/schema/metaquery.go:78.8,78.30 1 0
ring/schema/metaquery.go:78.30,82.3 3 0
ring/schema/metaquery.go:82.8,85.3 2 0
ring/schema/metaquery.go:87.16,91.3 3 0
ring/schema/metaquery.go:96.36,99.3 2 0
ring/schema/metaquery.go:100.18,101.37 1 0
ring/schema/metaquery.go:112.3,112.23 1 0
ring/schema/metaquery.go:101.37,102.27 1 0
ring/schema/metaquery.go:105.4,105.55 1 0
ring/schema/metaquery.go:110.4,110.85 1 0
ring/schema/metaquery.go:102.27,104.5 1 0
ring/schema/metaquery.go:105.55,109.5 3 0
ring/schema/metaquery.go:121.71,122.69 1 0
ring/schema/metaquery.go:127.2,127.11 1 0
ring/schema/metaquery.go:122.69,126.3 3 0
ring/schema/metaquery.go:130.59,131.24 1 0
ring/schema/metaquery.go:134.2,134.12 1 0
ring/schema/metaquery.go:131.24,133.3 1 0
ring/schema/metaquery.go:137.53,138.25 1 0
ring/schema/metaquery.go:142.2,142.46 1 0
ring/schema/metaquery.go:138.25,141.3 2 0
ring/schema/metaquery.go:145.91,147.18 2 0
ring/schema/metaquery.go:147.18,148.27 1 0
ring/schema/metaquery.go:151.3,151.26 1 0
ring/schema/metaquery.go:155.3,164.62 9 0
ring/schema/metaquery.go:148.27,150.4 1 0
ring/schema/metaquery.go:151.26,154.4 2 0
ring/schema/metaquery.go:168.67,170.18 2 0
ring/schema/metaquery.go:170.18,171.23 1 0
ring/schema/metaquery.go:176.3,176.25 1 0
ring/schema/metaquery.go:171.23,173.4 1 0
ring/schema/metaquery.go:173.9,175.4 1 0
ring/schema/metaquery.go:176.25,178.4 1 0
ring/schema/metaquery.go:182.45,183.74 1 0
ring/schema/metaquery.go:193.2,193.11 1 0
ring/schema/metaquery.go:183.74,185.43 2 0
ring/schema/metaquery.go:191.3,191.25 1 0
ring/schema/metaquery.go:185.43,187.32 2 0
ring/schema/metaquery.go:187.32,189.5 1 0
ring/schema/metaquery.go:196.43,197.24 1 0
ring/schema/metaquery.go:200.2,200.11 1 0
ring/schema/metaquery.go:197.24,199.3 1 0
ring/schema/metaquery.go:203.46,204.66 1 0
ring/schema/metaquery.go:255.2,255.12 1 0
ring/schema/metaquery.go:204.66,214.36 8 0
ring/schema/metaquery.go:253.3,253.16 1 0
ring/schema/metaquery.go:214.36,216.35 2 0
ring/schema/metaquery.go:250.4,251.28 2 0
ring/schema/metaquery.go:216.35,218.23 2 0
ring/schema/metaquery.go:219.17,222.11 3 0
ring/schema/metaquery.go:223.23,226.11 3 0
ring/schema/metaquery.go:227.19,229.11 2 0
ring/schema/metaquery.go:230.26,232.11 2 0
ring/schema/metaquery.go:233.20,236.11 3 0
ring/schema/metaquery.go:237.25,240.11 3 0
ring/schema/metaquery.go:241.26,244.11 3 0
ring/schema/metaquery.go:245.20,247.11 2 0
ring/schema/metaquery.go:258.50,259.68 1 0
ring/schema/metaquery.go:295.2,295.12 1 0
ring/schema/metaquery.go:259.68,269.36 8 0
ring/schema/metaquery.go:293.3,293.16 1 0
ring/schema/metaquery.go:269.36,271.35 2 0
ring/schema/metaquery.go:271.35,273.23 2 0
ring/schema/metaquery.go:274.17,277.11 3 0
ring/schema/metaquery.go:278.23,281.11 3 0
ring/schema/metaquery.go:282.25,285.11 3 0
ring/schema/metaquery.go:286.20,289.11 3 0
ring/schema/metaquery.go:299.37,309.2 9 0
ring/schema/metaquery.go:312.48,314.23 1 0
ring/schema/metaquery.go:317.2,321.30 5 0
ring/schema/metaquery.go:325.2,329.36 3 0
ring/schema/metaquery.go:314.23,316.3 1 0
ring/schema/metaquery.go:321.30,323.3 1 0
ring/schema/metaquery.go:333.40,339.2 5 0
ring/schema/metaquery.go:342.60,351.2 8 0
ring/schema/metaquery.go:353.85,354.25 1 0
ring/schema/metaquery.go:357.2,358.21 2 0
ring/schema/metaquery.go:387.2,387.17 1 0
ring/schema/metaquery.go:354.25,356.3 1 0
ring/schema/metaquery.go:359.9,360.27 1 0
ring/schema/metaquery.go:361.9,362.38 1 0
ring/schema/metaquery.go:363.9,364.49 1 0
ring/schema/metaquery.go:365.9,366.60 1 0
ring/schema/metaquery.go:367.9,368.71 1 0
ring/schema/metaquery.go:369.9,370.82 1 0
ring/schema/metaquery.go:371.9,372.93 1 0
ring/schema/metaquery.go:373.9,374.104 1 0
ring/schema/metaquery.go:375.9,376.115 1 0
ring/schema/metaquery.go:377.9,379.14 1 0
ring/schema/metaquery.go:380.10,382.25 1 0
ring/schema/metaquery.go:383.10,385.37 1 0
ring/schema/metaquery.go:390.54,405.2 14 0
ring/schema/metaquery.go:407.70,421.2 13 0
ring/schema/metaquery.go:423.60,431.2 7 0
ring/schema/relation.go:25.117,37.20 11 1
ring/schema/relation.go:37.20,39.3 1 1
ring/schema/relation.go:39.8,41.3 1 1
ring/schema/relation.go:47.41,49.2 1 1
ring/schema/relation.go:51.44,53.2 1 1
ring/schema/relation.go:55.51,57.2 1 1
ring/schema/relation.go:59.59,61.2 1 1
ring/schema/relation.go:63.52,65.2 1 1
ring/schema/relation.go:67.47,69.2 1 1
ring/schema/relation.go:71.63,73.2 1 1
ring/schema/relation.go:75.44,77.2 1 1
ring/schema/relation.go:79.45,81.2 1 1
ring/schema/relation.go:83.43,85.2 1 1
ring/schema/relation.go:87.52,89.2 1 0
ring/schema/relation.go:91.65,93.2 1 0
ring/schema/relation.go:98.85,99.29 1 1
ring/schema/relation.go:108.2,108.11 1 1
ring/schema/relation.go:99.29,101.30 2 1
ring/schema/relation.go:101.30,103.40 2 1
ring/schema/relation.go:103.40,105.5 1 1
ring/schema/relation.go:111.58,112.29 1 0
ring/schema/relation.go:115.2,115.12 1 0
ring/schema/relation.go:112.29,114.3 1 0
ring/schema/relation.go:118.45,129.2 3 1
ring/schema/relation.go:134.94,136.2 1 1
ring/schema/relation.go:138.55,148.29 5 1
ring/schema/relation.go:153.2,163.15 9 1
ring/schema/relation.go:148.29,150.3 1 1
ring/schema/relation.go:150.9,152.3 0 0
ring/schema/table.go:92.74,117.45 24 1
ring/schema/table.go:117.45,121.3 3 1
ring/schema/table.go:127.35,129.2 1 1
ring/schema/table.go:131.38,133.2 1 1
ring/schema/table.go:135.45,137.2 1 1
ring/schema/table.go:139.43,141.2 1 1
ring/schema/table.go:143.46,145.2 1 1
ring/schema/table.go:147.41,149.2 1 1
ring/schema/table.go:151.51,153.2 1 1
ring/schema/table.go:155.41,157.2 1 1
ring/schema/table.go:159.65,161.2 1 1
ring/schema/table.go:163.77,165.2 1 1
ring/schema/table.go:167.37,169.2 1 1
ring/schema/table.go:171.39,173.2 1 1
ring/schema/table.go:175.39,177.2 1 1
ring/schema/table.go:179.37,181.2 1 1
ring/schema/table.go:183.41,185.2 1 1
ring/schema/table.go:187.59,189.2 1 0
ring/schema/table.go:194.56,196.34 2 1
ring/schema/table.go:208.2,208.12 1 1
ring/schema/table.go:196.34,200.26 4 1
ring/schema/table.go:200.26,202.4 1 1
ring/schema/table.go:202.9,202.32 1 1
ring/schema/table.go:202.32,204.4 1 1
ring/schema/table.go:204.9,206.4 1 1
ring/schema/table.go:213.57,214.50 1 1
ring/schema/table.go:219.2,219.12 1 1
ring/schema/table.go:214.50,215.52 1 1
ring/schema/table.go:215.52,217.4 1 1
ring/schema/table.go:222.51,224.34 2 1
ring/schema/table.go:236.2,236.12 1 1
ring/schema/table.go:224.34,228.47 3 1
ring/schema/table.go:228.47,230.4 1 1
ring/schema/table.go:230.9,230.53 1 1
ring/schema/table.go:230.53,232.4 1 1
ring/schema/table.go:232.9,234.4 1 1
ring/schema/table.go:240.58,242.34 2 1
ring/schema/table.go:254.2,254.22 1 1
ring/schema/table.go:242.34,246.26 4 1
ring/schema/table.go:246.26,248.4 1 1
ring/schema/table.go:248.9,248.32 1 1
ring/schema/table.go:248.32,250.4 1 1
ring/schema/table.go:250.9,252.4 1 1
ring/schema/table.go:258.55,260.2 1 0
ring/schema/table.go:263.57,265.2 1 0
ring/schema/table.go:267.62,269.34 2 1
ring/schema/table.go:281.2,281.12 1 1
ring/schema/table.go:269.34,273.26 4 1
ring/schema/table.go:273.26,275.4 1 1
ring/schema/table.go:275.9,275.32 1 1
ring/schema/table.go:275.32,277.4 1 1
ring/schema/table.go:277.9,279.4 1 1
ring/schema/table.go:284.56,286.34 2 1
ring/schema/table.go:298.2,298.12 1 1
ring/schema/table.go:286.34,290.26 4 1
ring/schema/table.go:290.26,292.4 1 1
ring/schema/table.go:292.9,292.32 1 1
ring/schema/table.go:292.32,294.4 1 1
ring/schema/table.go:294.9,296.4 1 1
ring/schema/table.go:302.61,304.34 2 1
ring/schema/table.go:316.2,316.25 1 1
ring/schema/table.go:304.34,308.26 4 1
ring/schema/table.go:308.26,310.4 1 1
ring/schema/table.go:310.9,310.32 1 1
ring/schema/table.go:310.32,312.4 1 1
ring/schema/table.go:312.9,314.4 1 1
ring/schema/table.go:319.44,320.72 1 1
ring/schema/table.go:323.2,323.12 1 1
ring/schema/table.go:320.72,322.3 1 1
ring/schema/table.go:326.96,328.19 2 1
ring/schema/table.go:347.2,347.12 1 1
ring/schema/table.go:329.27,331.46 2 1
ring/schema/table.go:335.3,335.45 1 1
ring/schema/table.go:339.3,342.24 3 1
ring/schema/table.go:345.3,345.8 1 1
ring/schema/table.go:331.46,334.4 2 1
ring/schema/table.go:335.45,338.4 2 0
ring/schema/table.go:342.24,344.4 1 0
ring/schema/table.go:350.87,352.17 2 1
ring/schema/table.go:394.2,394.24 1 1
ring/schema/table.go:353.27,364.8 10 1
ring/schema/table.go:365.27,372.36 7 1
ring/schema/table.go:379.3,381.8 3 1
ring/schema/table.go:382.27,389.8 7 1
ring/schema/table.go:390.36,392.8 2 1
ring/schema/table.go:372.36,378.4 5 1
ring/schema/table.go:398.75,401.23 2 1
ring/schema/table.go:406.2,406.23 1 1
ring/schema/table.go:411.2,418.23 7 1
ring/schema/table.go:423.2,423.23 1 1
ring/schema/table.go:429.2,429.24 1 1
ring/schema/table.go:401.23,404.3 2 1
ring/schema/table.go:406.23,409.3 2 1
ring/schema/table.go:418.23,421.3 2 1
ring/schema/table.go:423.23,426.3 2 1
ring/schema/table.go:432.36,439.41 5 1
ring/schema/table.go:442.2,442.44 1 1
ring/schema/table.go:445.2,445.42 1 1
ring/schema/table.go:448.2,455.17 4 1
ring/schema/table.go:439.41,441.3 1 1
ring/schema/table.go:442.44,444.3 1 0
ring/schema/table.go:445.42,447.3 1 1
ring/schema/table.go:458.74,467.32 7 1
ring/schema/table.go:528.2,528.15 1 1
ring/schema/table.go:467.32,473.19 4 1
ring/schema/table.go:526.3,526.27 1 1
ring/schema/table.go:473.19,475.4 1 1
ring/schema/table.go:475.9,476.24 1 1
ring/schema/table.go:477.16,479.10 2 1
ring/schema/table.go:480.17,483.10 2 1
ring/schema/table.go:484.17,486.10 2 1
ring/schema/table.go:487.13,489.10 2 1
ring/schema/table.go:490.14,492.10 2 1
ring/schema/table.go:493.14,495.10 2 1
ring/schema/table.go:496.14,498.10 2 1
ring/schema/table.go:499.15,501.10 2 1
ring/schema/table.go:502.15,504.10 2 1
ring/schema/table.go:505.15,507.10 2 1
ring/schema/table.go:508.15,510.10 2 1
ring/schema/table.go:511.16,513.10 2 1
ring/schema/table.go:514.16,516.10 2 1
ring/schema/table.go:517.16,519.10 2 1
ring/schema/table.go:520.19,521.65 1 0
ring/schema/table.go:522.12,523.30 1 0
ring/schema/table.go:531.46,532.43 1 0
ring/schema/table.go:535.2,535.11 1 0
ring/schema/table.go:532.43,534.3 1 0
ring/schema/table.go:541.36,564.2 14 1
ring/schema/table.go:566.58,569.41 2 1
ring/schema/table.go:569.41,571.52 2 1
ring/schema/table.go:575.3,575.30 1 1
ring/schema/table.go:578.3,578.10 1 1
ring/schema/table.go:571.52,573.4 1 1
ring/schema/table.go:575.30,577.4 1 1
ring/schema/table.go:581.53,582.24 1 1
ring/schema/table.go:588.2,588.14 1 0
ring/schema/table.go:583.35,584.33 1 1
ring/schema/table.go:585.30,586.31 1 1
ring/schema/table.go:590.115,594.43 3 1
ring/schema/table.go:598.2,600.21 2 1
ring/schema/table.go:594.43,597.3 1 1
ring/schema/table.go:604.44,606.16 2 1
ring/schema/table.go:609.2,609.11 1 0
ring/schema/table.go:606.16,608.3 1 1
ring/schema/table.go:612.38,615.2 2 0
ring/schema/table.go:617.43,621.45 2 1
ring/schema/table.go:627.2,627.19 1 1
ring/schema/table.go:621.45,623.34 2 1
ring/schema/table.go:623.34,625.4 1 1
ring/schema/table.go:630.49,634.25 2 1
ring/schema/table.go:653.2,653.53 1 1
ring/schema/table.go:635.26,637.8 2 0
ring/schema/table.go:638.22,640.44 2 1
ring/schema/table.go:644.3,644.8 1 1
ring/schema/table.go:645.24,647.44 2 0
ring/schema/table.go:651.3,651.8 1 0
ring/schema/table.go:640.44,643.4 2 1
ring/schema/table.go:647.44,650.4 2 0
ring/schema/table.go:657.66,659.35 2 1
ring/schema/table.go:668.2,668.16 1 1
ring/schema/table.go:659.35,660.35 1 1
ring/schema/table.go:664.3,664.61 1 1
ring/schema/table.go:660.35,662.12 2 1
ring/schema/table.go:664.61,666.4 1 1
ring/schema/table.go:671.48,673.35 1 1
ring/schema/table.go:673.35,675.34 1 1
ring/schema/table.go:675.34,678.4 2 1
ring/schema/table.go:681.57,682.38 1 1
ring/schema/table.go:682.38,686.3 1 1
ring/schema/table.go:689.50,692.36 2 1
ring/schema/table.go:692.36,695.62 1 1
ring/schema/table.go:707.3,707.25 1 1
ring/schema/table.go:695.62,698.4 1 0
ring/schema/table.go:698.9,700.44 2 1
ring/schema/table.go:700.44,701.58 1 1
ring/schema/table.go:701.58,704.6 1 0
ring/schema/table.go:707.25,709.4 1 1
ring/schema/table.go:713.34,715.27 1 1
ring/schema/table.go:715.27,717.48 1 1
ring/schema/table.go:721.3,721.52 1 1
ring/schema/table.go:717.48,719.4 1 1
ring/schema/table.go:721.52,723.4 1 1
ring/schema/table.go:727.37,728.30 1 1
ring/schema/table.go:728.30,730.51 1 1
ring/schema/table.go:730.51,732.4 1 1
ring/schema/table.go:736.35,737.28 1 1
ring/schema/table.go:737.28,739.49 1 1
ring/schema/table.go:739.49,741.4 1 1
ring/schema/table.go:745.79,747.19 1 1
ring/schema/table.go:747.19,754.38 5 1
ring/schema/table.go:762.3,766.59 3 1
ring/schema/table.go:773.3,776.59 2 1
ring/schema/table.go:783.3,783.21 1 1
ring/schema/table.go:754.38,756.25 2 1
ring/schema/table.go:756.25,758.5 1 1
ring/schema/table.go:766.59,771.4 4 1
ring/schema/table.go:776.59,781.4 4 1
ring/schema/table.go:784.8,788.3 2 0
ring/schema/table.go:791.57,795.2 3 1
ring/schema/table.go:798.50,802.2 3 1
ring/schema/table.go:804.34,806.45 2 1
ring/schema/table.go:806.45,808.3 1 1
ring/schema/table.go:811.81,816.41 5 1
ring/schema/table.go:828.2,828.31 1 1
ring/schema/table.go:816.41,817.19 1 1
ring/schema/table.go:824.3,824.30 1 1
ring/schema/table.go:818.36,821.9 3 1
ring/schema/table.go:824.30,826.4 1 1
ring/schema/table.go:832.55,834.24 2 1
ring/schema/table.go:843.2,843.15 1 1
ring/schema/table.go:835.35,838.8 3 1
ring/schema/table.go:839.30,841.8 2 1
ring/schema/table.go:846.47,847.24 1 1
ring/schema/table.go:851.2,851.11 1 1
ring/schema/table.go:848.35,849.30 1 0
ring/schema/table.go:854.76,858.24 3 1
ring/schema/table.go:869.2,869.25 1 1
ring/schema/table.go:859.35,862.8 3 1
ring/schema/table.go:863.30,865.8 2 0
ring/schema/table.go:870.22,872.44 2 1
ring/schema/table.go:882.3,882.8 1 1
ring/schema/table.go:883.24,885.44 2 1
ring/schema/table.go:895.3,895.8 1 1
ring/schema/table.go:896.26,900.8 4 0
ring/schema/table.go:872.44,877.33 5 1
ring/schema/table.go:877.33,880.5 2 1
ring/schema/table.go:885.44,890.33 5 1
ring/schema/table.go:890.33,893.5 2 1
ring/schema/table.go:904.50,916.16 8 0
ring/schema/table.go:922.2,928.43 4 0
ring/schema/table.go:935.2,935.12 1 0
ring/schema/table.go:916.16,919.3 2 0
ring/schema/table.go:928.43,931.3 1 0
ring/schema/table.go:931.8,934.3 1 0
ring/schema/table.go:938.51,941.78 2 0
ring/schema/table.go:941.78,942.43 1 0
ring/schema/table.go:942.43,945.18 3 0
ring/schema/table.go:945.18,947.5 1 0
ring/schema/table.go:952.55,959.16 5 0
ring/schema/table.go:962.2,967.41 5 0
ring/schema/table.go:959.16,961.3 1 0
ring/schema/table.go:967.41,971.17 4 0
ring/schema/table.go:974.3,976.17 3 0
ring/schema/table.go:971.17,973.4 1 0
ring/schema/table.go:976.17,978.4 1 0
ring/schema/table.go:983.49,986.2 2 0
ring/schema/table.go:988.114,1022.2 22 1
ring/schema/table.go:1024.112,1079.2 40 1
ring/schema/table.go:1081.111,1129.2 39 1
ring/schema/catalogue.go:26.13,31.2 2 1
ring/schema/catalogue.go:40.116,50.18 8 1
ring/schema/catalogue.go:59.2,70.24 12 1
ring/schema/catalogue.go:51.35,53.8 2 1
ring/schema/catalogue.go:54.30,56.8 2 1
ring/schema/catalogue.go:76.64,79.17 3 0
ring/schema/catalogue.go:91.2,91.39 1 0
ring/schema/catalogue.go:92.2,92.13 1 0
ring/schema/catalogue.go:79.17,86.17 7 0
ring/schema/catalogue.go:89.3,89.16 1 0
ring/schema/catalogue.go:86.17,87.14 1 0
ring/schema/connectionPool.go:35.167,42.37 5 0
ring/schema/connectionPool.go:47.2,47.71 1 0
ring/schema/connectionPool.go:52.2,54.46 2 0
ring/schema/connectionPool.go:63.2,64.49 2 0
ring/schema/connectionPool.go:42.37,44.3 1 0
ring/schema/connectionPool.go:44.8,46.3 1 0
ring/schema/connectionPool.go:47.71,49.3 1 0
ring/schema/connectionPool.go:49.8,51.3 1 0
ring/schema/connectionPool.go:54.46,57.17 3 0
ring/schema/connectionPool.go:60.3,60.52 1 0
ring/schema/connectionPool.go:57.17,58.14 1 0
ring/schema/connectionPool.go:78.51,80.26 2 0
ring/schema/connectionPool.go:87.2,91.16 4 0
ring/schema/connectionPool.go:80.26,86.3 5 0
ring/schema/connectionPool.go:94.55,96.42 2 0
ring/schema/connectionPool.go:105.2,106.14 2 0
ring/schema/connectionPool.go:96.42,104.3 7 0
ring/schema/connectionPool.go:109.101,110.85 1 0
ring/schema/connectionPool.go:113.2,113.25 1 0
ring/schema/connectionPool.go:110.85,112.3 1 0
ring/schema/constraint.go:31.87,34.2 2 1
ring/schema/constraint.go:39.65,42.2 1 0
ring/schema/constraint.go:47.101,48.37 1 1
ring/schema/constraint.go:58.2,58.11 1 0
ring/schema/constraint.go:48.37,49.27 1 1
ring/schema/constraint.go:50.34,51.46 1 1
ring/schema/constraint.go:52.29,53.31 1 1
ring/schema/constraint.go:54.31,55.33 1 1
ring/schema/constraint.go:64.56,65.96 1 0
ring/schema/constraint.go:69.2,69.104 1 0
ring/schema/constraint.go:73.2,75.17 2 0
ring/schema/constraint.go:82.2,82.12 1 0
ring/schema/constraint.go:65.96,68.3 1 0
ring/schema/constraint.go:69.104,72.3 1 0
ring/schema/constraint.go:75.17,81.3 4 0
ring/schema/constraint.go:85.50,87.2 1 1
ring/schema/constraint.go:89.52,91.26 2 1
ring/schema/constraint.go:100.2,100.63 1 1
ring/schema/constraint.go:92.33,94.8 2 1
ring/schema/constraint.go:95.28,97.8 2 1
ring/schema/constraint.go:103.49,105.32 2 1
ring/schema/constraint.go:116.2,116.15 1 1
ring/schema/constraint.go:106.26,109.8 2 0
ring/schema/constraint.go:110.55,113.8 2 1
ring/schema/constraint.go:119.75,125.18 4 1
ring/schema/constraint.go:137.2,137.11 1 0
ring/schema/constraint.go:125.18,126.67 1 1
ring/schema/constraint.go:131.3,131.19 1 1
ring/schema/constraint.go:126.67,129.4 1 0
ring/schema/constraint.go:132.60,134.91 1 1
ring/schema/constraint.go:140.50,141.53 1 1
ring/schema/constraint.go:152.2,152.11 1 0
ring/schema/constraint.go:141.53,143.19 2 1
ring/schema/constraint.go:144.36,146.87 1 1
ring/schema/constraint.go:147.31,149.102 1 1
ring/schema/constraint.go:155.48,158.112 2 1
ring/schema/constraint.go:163.2,163.11 1 0
ring/schema/constraint.go:158.112,162.3 1 1
ring/schema/language.go:203.45,204.72 1 1
ring/schema/language.go:204.72,208.3 3 1
ring/schema/language.go:215.44,217.2 1 0
ring/schema/language.go:219.44,221.2 1 0
ring/schema/language.go:223.50,225.2 1 0
ring/schema/language.go:227.65,230.2 1 0
ring/schema/metaid.go:17.37,19.2 1 0
ring/schema/metaid.go:20.43,22.2 1 0
ring/schema/metaid.go:23.44,25.2 1 0
ring/schema/metaid.go:26.40,28.2 1 0
ring/schema/metaid.go:33.39,36.2 1 0
ring/schema/tablespace.go:19.121,26.2 6 1
ring/schema/tablespace.go:32.45,34.2 1 0
ring/schema/tablespace.go:36.48,38.2 1 0
ring/schema/tablespace.go:40.55,42.2 1 0
ring/schema/tablespace.go:44.69,46.2 1 0
ring/schema/tablespace.go:51.51,56.2 3 1
ring/schema/tablespace.go:58.126,59.19 1 1
ring/schema/tablespace.go:63.2,63.11 1 0
ring/schema/tablespace.go:60.31,61.41 1 1
ring/schema/cacheid.go:23.48,29.2 5 1
ring/schema/cacheid.go:31.32,34.2 2 1
ring/schema/cacheid.go:43.108,48.28 5 0
ring/schema/cacheid.go:53.2,53.15 1 0
ring/schema/cacheid.go:48.28,50.3 1 0
ring/schema/cacheid.go:50.8,52.3 1 0
ring/schema/cacheid.go:59.104,64.2 4 0
ring/schema/cacheid.go:66.103,78.2 8 0
ring/schema/cacheid.go:80.105,88.2 5 0
ring/schema/connection.go:19.86,22.16 2 0
ring/schema/connection.go:25.2,26.16 2 0
ring/schema/connection.go:29.2,37.12 8 0
ring/schema/connection.go:22.16,24.3 1 0
ring/schema/connection.go:26.16,28.3 1 0
ring/schema/connection.go:51.33,52.54 1 0
ring/schema/connection.go:52.54,57.3 3 0
ring/schema/connection.go:61.34,62.69 1 0
ring/schema/connection.go:62.69,66.3 2 0
ring/schema/database.go:29.13,34.2 4 1
ring/schema/database.go:44.124,48.34 2 1
ring/schema/database.go:48.34,52.73 3 1
ring/schema/database.go:56.3,69.37 6 1
ring/schema/database.go:82.3,82.15 1 1
ring/schema/database.go:52.73,54.4 1 1
ring/schema/database.go:69.37,77.38 4 0
ring/schema/database.go:77.38,79.5 1 0
ring/schema/database.go:86.33,88.2 1 0
ring/schema/database.go:90.53,94.16 4 1
ring/schema/database.go:98.2,99.19 2 1
ring/schema/database.go:102.2,102.12 1 1
ring/schema/database.go:94.16,97.3 2 1
ring/schema/database.go:99.19,101.3 1 1
ring/schema/database.go:105.43,112.34 6 1
ring/schema/database.go:125.2,125.51 1 1
ring/schema/database.go:128.2,128.12 1 1
ring/schema/database.go:112.34,116.26 4 1
ring/schema/database.go:116.26,118.9 2 1
ring/schema/database.go:119.9,119.32 1 1
ring/schema/database.go:119.32,121.4 1 1
ring/schema/database.go:121.9,123.4 1 1
ring/schema/database.go:125.51,127.3 1 1
ring/schema/database.go:131.38,135.34 4 1
ring/schema/database.go:147.2,147.12 1 1
ring/schema/database.go:135.34,139.26 4 1
ring/schema/database.go:139.26,141.4 1 1
ring/schema/database.go:141.9,141.32 1 1
ring/schema/database.go:141.32,143.4 1 1
ring/schema/database.go:143.9,145.4 1 1
ring/schema/database.go:154.32,163.51 8 1
ring/schema/database.go:173.2,173.44 1 1
ring/schema/database.go:163.51,165.54 2 1
ring/schema/database.go:165.54,169.4 2 1
ring/schema/database.go:169.9,170.9 1 1
ring/schema/database.go:173.44,175.44 2 1
ring/schema/database.go:175.44,179.4 2 1
ring/schema/database.go:179.9,180.9 1 1
ring/schema/database.go:185.39,188.38 2 0
ring/schema/database.go:194.2,194.38 1 0
ring/schema/database.go:188.38,190.17 2 0
ring/schema/database.go:190.17,191.14 1 0
ring/schema/database.go:194.38,195.63 1 0
ring/schema/database.go:195.63,197.18 2 0
ring/schema/database.go:197.18,198.15 1 0
ring/schema/database.go:204.42,205.44 1 0
ring/schema/database.go:205.44,206.39 1 0
ring/schema/database.go:209.3,209.82 1 0
ring/schema/database.go:206.39,208.4 1 0
ring/schema/database.go:209.82,211.4 1 0
ring/schema/database.go:216.33,225.16 6 0
ring/schema/database.go:228.2,233.29 4 0
ring/schema/database.go:236.2,236.15 1 0
ring/schema/database.go:225.16,226.13 1 0
ring/schema/database.go:233.29,235.3 1 0
ring/schema/database.go:240.36,251.2 6 0
ring/schema/database.go:254.41,260.16 5 0
ring/schema/database.go:263.2,263.28 1 0
ring/schema/database.go:260.16,261.13 1 0
ring/schema/database.go:267.45,273.16 5 0
ring/schema/database.go:276.2,276.30 1 0
ring/schema/database.go:273.16,274.13 1 0
ring/schema/field.go:99.13,110.2 6 1
ring/schema/field.go:113.104,118.18 5 1
ring/schema/field.go:123.2,129.58 6 1
ring/schema/field.go:118.18,120.3 1 1
ring/schema/field.go:120.8,122.3 1 1
ring/schema/field.go:135.35,137.2 1 1
ring/schema/field.go:139.38,141.2 1 1
ring/schema/field.go:143.45,145.2 1 1
ring/schema/field.go:147.51,149.2 1 1
ring/schema/field.go:151.38,153.2 1 1
ring/schema/field.go:155.46,157.2 1 1
ring/schema/field.go:159.39,161.2 1 1
ring/schema/field.go:163.38,165.2 1 1
ring/schema/field.go:167.44,169.2 1 1
ring/schema/field.go:171.37,173.2 1 1
ring/schema/field.go:175.43,177.2 1 1
ring/schema/field.go:179.59,182.2 1 0
ring/schema/field.go:187.36,189.107 1 1
ring/schema/field.go:192.2,192.21 1 1
ring/schema/field.go:189.107,191.3 1 1
ring/schema/field.go:195.41,198.2 1 1
ring/schema/field.go:200.38,205.2 1 1
ring/schema/field.go:207.39,209.2 1 1
ring/schema/field.go:214.107,220.16 3 1
ring/schema/field.go:220.16,222.3 1 0
ring/schema/field.go:222.8,224.3 1 1
ring/schema/field.go:227.110,229.38 2 1
ring/schema/field.go:232.2,232.98 1 1
ring/schema/field.go:229.38,231.3 1 1
ring/schema/field.go:236.60,237.25 1 1
ring/schema/field.go:262.2,262.56 1 1
ring/schema/field.go:238.24,239.53 1 0
ring/schema/field.go:243.3,243.20 1 0
ring/schema/field.go:244.70,245.42 1 1
ring/schema/field.go:248.3,248.8 1 1
ring/schema/field.go:249.75,252.15 2 0
ring/schema/field.go:255.3,255.18 1 0
ring/schema/field.go:256.10,257.32 1 1
ring/schema/field.go:260.3,260.8 1 1
ring/schema/field.go:239.53,242.4 1 0
ring/schema/field.go:245.42,247.4 1 1
ring/schema/field.go:252.15,254.4 1 0
ring/schema/field.go:257.32,259.4 1 1
ring/schema/field.go:265.53,267.43 1 1
ring/schema/field.go:270.2,270.25 1 1
ring/schema/field.go:287.2,287.14 1 0
ring/schema/field.go:267.43,269.3 1 1
ring/schema/field.go:271.70,272.37 1 1
ring/schema/field.go:273.24,275.20 2 1
ring/schema/field.go:276.23,278.20 2 1
ring/schema/field.go:279.24,280.14 1 1
ring/schema/field.go:281.75,283.20 2 1
ring/schema/field.go:284.25,285.79 1 1
ring/schema/field.go:290.36,295.2 3 1
ring/schema/field.go:297.37,299.59 2 1
ring/schema/field.go:302.2,303.52 1 1
ring/schema/field.go:299.59,301.3 1 0
ring/schema/field.go:306.59,307.25 1 1
ring/schema/field.go:317.2,317.11 1 0
ring/schema/field.go:308.26,309.43 1 1
ring/schema/field.go:310.31,311.42 1 1
ring/schema/field.go:312.30,313.36 1 0
ring/schema/field.go:314.24,315.43 1 0
ring/schema/field.go:321.65,322.25 1 1
ring/schema/field.go:338.2,338.14 1 1
ring/schema/field.go:323.70,325.13 2 1
ring/schema/field.go:326.41,328.13 2 1
ring/schema/field.go:329.25,330.22 1 1
ring/schema/field.go:333.3,333.15 1 1
ring/schema/field.go:334.26,336.13 2 1
ring/schema/field.go:330.22,332.4 1 1
ring/schema/field.go:341.88,343.2 1 1
ring/schema/field.go:348.49,373.2 16 1
ring/schema/field.go:375.55,377.26 2 1
ring/schema/field.go:389.2,389.25 1 1
ring/schema/field.go:399.2,399.14 1 1
ring/schema/field.go:377.26,378.27 1 1
ring/schema/field.go:378.27,380.12 2 1
ring/schema/field.go:381.9,381.35 1 1
ring/schema/field.go:381.35,383.12 2 1
ring/schema/field.go:384.9,386.4 1 1
ring/schema/field.go:390.22,391.49 1 1
ring/schema/field.go:392.21,393.49 1 1
ring/schema/field.go:394.23,395.49 1 1
ring/schema/field.go:396.22,397.49 1 1
ring/schema/field.go:402.75,407.2 1 1
ring/schema/field.go:409.75,414.2 1 1
ring/schema/field.go:415.75,420.2 1 1
ring/schema/field.go:421.75,426.2 1 1
ring/schema/field.go:428.65,430.46 2 1
ring/schema/field.go:433.2,433.27 1 1
ring/schema/field.go:451.2,451.24 1 1
ring/schema/field.go:430.46,432.3 1 1
ring/schema/field.go:433.27,434.20 1 1
ring/schema/field.go:434.20,436.25 1 1
ring/schema/field.go:439.4,439.27 1 1
ring/schema/field.go:436.25,438.5 1 1
ring/schema/field.go:440.27,441.31 1 1
ring/schema/field.go:442.28,443.32 1 1
ring/schema/field.go:444.33,445.37 1 0
ring/schema/field.go:446.32,447.36 1 0
ring/schema/field.go:454.51,455.25 1 1
ring/schema/field.go:463.2,463.31 1 1
ring/schema/field.go:456.21,457.32 1 1
ring/schema/field.go:458.22,459.32 1 1
ring/schema/field.go:460.23,461.32 1 1
ring/schema/field.go:466.87,471.18 4 1
ring/schema/field.go:482.2,482.44 1 1
ring/schema/field.go:494.2,494.15 1 1
ring/schema/field.go:472.30,475.8 3 1
ring/schema/field.go:476.35,479.8 3 1
ring/schema/field.go:482.44,484.42 2 1
ring/schema/field.go:484.42,485.53 1 1
ring/schema/field.go:485.53,487.5 1 1
ring/schema/field.go:487.10,490.5 1 1
ring/schema/field.go:497.74,503.22 3 1
ring/schema/field.go:503.22,510.15 2 1
ring/schema/field.go:513.3,513.99 1 1
ring/schema/field.go:518.3,518.23 1 1
ring/schema/field.go:529.3,529.15 1 1
ring/schema/field.go:510.15,512.4 1 1
ring/schema/field.go:513.99,516.4 2 1
ring/schema/field.go:518.23,524.49 4 1
ring/schema/field.go:524.49,527.5 1 1
ring/schema/field.go:530.8,532.3 1 1
ring/schema/meta.go:51.41,53.2 1 1
ring/schema/meta.go:54.46,56.2 1 1
ring/schema/meta.go:57.47,59.2 1 1
ring/schema/meta.go:60.41,62.2 1 1
ring/schema/meta.go:63.43,65.2 1 1
ring/schema/meta.go:66.44,68.2 1 1
ring/schema/meta.go:69.40,71.2 1 1
ring/schema/meta.go:72.40,74.2 1 1
ring/schema/meta.go:75.40,77.2 1 1
ring/schema/meta.go:79.42,81.2 1 1
ring/schema/meta.go:83.54,96.30 2 1
ring/schema/meta.go:99.2,99.15 1 1
ring/schema/meta.go:96.30,98.3 1 1
ring/schema/meta.go:101.57,108.30 2 1
ring/schema/meta.go:111.2,111.15 1 1
ring/schema/meta.go:108.30,110.3 1 1
ring/schema/meta.go:114.63,120.31 2 1
ring/schema/meta.go:123.2,123.15 1 1
ring/schema/meta.go:120.31,122.3 1 1
ring/schema/meta.go:126.35,130.2 1 0
ring/schema/meta.go:137.36,138.64 1 1
ring/schema/meta.go:146.2,146.12 1 1
ring/schema/meta.go:138.64,145.3 3 1
ring/schema/meta.go:149.54,150.67 1 1
ring/schema/meta.go:157.2,157.12 1 1
ring/schema/meta.go:150.67,156.3 3 1
ring/schema/meta.go:160.36,161.64 1 1
ring/schema/meta.go:168.2,168.12 1 1
ring/schema/meta.go:161.64,167.3 4 1
ring/schema/meta.go:172.89,173.64 1 1
ring/schema/meta.go:185.2,185.12 1 1
ring/schema/meta.go:173.64,184.3 3 1
ring/schema/meta.go:189.38,190.65 1 1
ring/schema/meta.go:197.2,197.12 1 1
ring/schema/meta.go:190.65,196.3 5 0
ring/schema/meta.go:201.52,203.2 1 1
ring/schema/meta.go:204.47,206.2 1 1
ring/schema/meta.go:207.53,209.2 1 1
ring/schema/meta.go:210.45,218.2 4 1
ring/schema/meta.go:219.49,221.2 1 1
ring/schema/meta.go:222.50,224.2 1 1
ring/schema/meta.go:226.46,228.2 1 1
ring/schema/meta.go:229.46,231.2 1 1
ring/schema/meta.go:232.46,234.2 1 1
ring/schema/meta.go:235.48,237.2 1 1
ring/schema/meta.go:239.75,247.2 4 1
ring/schema/meta.go:250.60,252.22 2 1
ring/schema/meta.go:252.22,255.20 3 1
ring/schema/meta.go:255.20,257.4 1 1
ring/schema/meta.go:257.9,259.4 1 1
ring/schema/meta.go:263.52,265.2 1 1
ring/schema/meta.go:267.101,274.37 5 0
ring/schema/meta.go:285.2,285.37 1 0
ring/schema/meta.go:299.2,299.44 1 0
ring/schema/meta.go:274.37,276.37 2 0
ring/schema/meta.go:276.37,281.4 4 0
ring/schema/meta.go:285.37,287.21 2 0
ring/schema/meta.go:288.25,290.9 2 0
ring/schema/meta.go:291.28,293.9 2 0
ring/schema/meta.go:294.25,296.9 2 0
ring/schema/meta.go:302.56,307.37 4 0
ring/schema/meta.go:318.2,318.15 1 0
ring/schema/meta.go:307.37,309.37 2 0
ring/schema/meta.go:309.37,316.4 4 0
