mode: set
ring/schema/schema.go:13.96,19.2 4 0
ring/schema/schema.go:24.37,26.2 1 0
ring/schema/schema.go:28.40,30.2 1 0
ring/schema/schema.go:32.47,34.2 1 0
ring/schema/schema.go:36.52,38.2 1 0
ring/schema/schema.go:40.41,42.2 1 0
ring/schema/schema.go:44.39,46.2 1 0
ring/schema/table.go:55.58,76.2 19 1
ring/schema/table.go:81.35,83.2 1 1
ring/schema/table.go:85.38,87.2 1 1
ring/schema/table.go:89.45,91.2 1 1
ring/schema/table.go:93.43,95.2 1 0
ring/schema/table.go:97.46,99.2 1 1
ring/schema/table.go:101.41,103.2 1 1
ring/schema/table.go:105.51,107.2 1 1
ring/schema/table.go:109.41,111.2 1 1
ring/schema/table.go:113.65,115.2 1 1
ring/schema/table.go:117.37,119.2 1 1
ring/schema/table.go:121.39,123.2 1 1
ring/schema/table.go:125.39,127.2 1 1
ring/schema/table.go:129.37,131.2 1 1
ring/schema/table.go:136.56,138.34 2 1
ring/schema/table.go:150.2,150.12 1 1
ring/schema/table.go:138.34,142.26 4 1
ring/schema/table.go:142.26,144.4 1 1
ring/schema/table.go:144.9,144.32 1 1
ring/schema/table.go:144.32,146.4 1 1
ring/schema/table.go:146.9,148.4 1 1
ring/schema/table.go:155.57,156.50 1 1
ring/schema/table.go:161.2,161.12 1 1
ring/schema/table.go:156.50,157.52 1 1
ring/schema/table.go:157.52,159.4 1 1
ring/schema/table.go:164.51,166.34 2 1
ring/schema/table.go:178.2,178.12 1 1
ring/schema/table.go:166.34,170.47 3 1
ring/schema/table.go:170.47,172.4 1 1
ring/schema/table.go:172.9,172.53 1 1
ring/schema/table.go:172.53,174.4 1 1
ring/schema/table.go:174.9,176.4 1 1
ring/schema/table.go:182.58,184.34 2 1
ring/schema/table.go:196.2,196.22 1 1
ring/schema/table.go:184.34,188.26 4 1
ring/schema/table.go:188.26,190.4 1 1
ring/schema/table.go:190.9,190.32 1 1
ring/schema/table.go:190.32,192.4 1 1
ring/schema/table.go:192.9,194.4 1 1
ring/schema/table.go:199.62,201.34 2 1
ring/schema/table.go:213.2,213.12 1 1
ring/schema/table.go:201.34,205.26 4 1
ring/schema/table.go:205.26,207.4 1 1
ring/schema/table.go:207.9,207.32 1 1
ring/schema/table.go:207.32,209.4 1 1
ring/schema/table.go:209.9,211.4 1 1
ring/schema/table.go:216.56,218.34 2 0
ring/schema/table.go:230.2,230.12 1 0
ring/schema/table.go:218.34,222.26 4 0
ring/schema/table.go:222.26,224.4 1 0
ring/schema/table.go:224.9,224.32 1 0
ring/schema/table.go:224.32,226.4 1 0
ring/schema/table.go:226.9,228.4 1 0
ring/schema/table.go:234.61,236.34 2 1
ring/schema/table.go:248.2,248.25 1 1
ring/schema/table.go:236.34,240.26 4 1
ring/schema/table.go:240.26,242.4 1 1
ring/schema/table.go:242.9,242.32 1 1
ring/schema/table.go:242.32,244.4 1 1
ring/schema/table.go:244.9,246.4 1 1
ring/schema/table.go:251.44,252.72 1 1
ring/schema/table.go:255.2,255.12 1 1
ring/schema/table.go:252.72,254.3 1 1
ring/schema/table.go:258.103,260.2 1 0
ring/schema/table.go:267.51,269.35 2 1
ring/schema/table.go:278.2,278.16 1 1
ring/schema/table.go:269.35,270.35 1 1
ring/schema/table.go:274.3,274.60 1 1
ring/schema/table.go:270.35,272.12 2 1
ring/schema/table.go:274.60,276.4 1 0
ring/schema/table.go:281.48,283.35 1 1
ring/schema/table.go:283.35,285.34 1 1
ring/schema/table.go:285.34,288.4 2 1
ring/schema/table.go:291.57,292.38 1 1
ring/schema/table.go:292.38,296.3 1 1
ring/schema/table.go:299.50,302.36 2 1
ring/schema/table.go:302.36,305.62 1 1
ring/schema/table.go:317.3,317.25 1 1
ring/schema/table.go:305.62,308.4 1 0
ring/schema/table.go:308.9,310.44 2 1
ring/schema/table.go:310.44,311.58 1 1
ring/schema/table.go:311.58,314.6 1 0
ring/schema/table.go:317.25,319.4 1 1
ring/schema/table.go:323.34,325.27 1 1
ring/schema/table.go:325.27,327.48 1 1
ring/schema/table.go:331.3,331.52 1 1
ring/schema/table.go:327.48,329.4 1 1
ring/schema/table.go:331.52,333.4 1 1
ring/schema/table.go:337.37,338.30 1 1
ring/schema/table.go:338.30,340.51 1 1
ring/schema/table.go:340.51,342.4 1 1
ring/schema/table.go:346.35,347.28 1 1
ring/schema/table.go:347.28,349.49 1 0
ring/schema/table.go:349.49,351.4 1 0
ring/schema/table.go:355.79,357.19 1 1
ring/schema/table.go:357.19,363.38 4 1
ring/schema/table.go:371.3,375.59 3 1
ring/schema/table.go:381.3,384.59 2 1
ring/schema/table.go:390.3,390.21 1 1
ring/schema/table.go:363.38,365.25 2 1
ring/schema/table.go:365.25,367.5 1 1
ring/schema/table.go:375.59,379.4 3 1
ring/schema/table.go:384.59,388.4 3 0
ring/schema/table.go:391.8,395.3 2 0
ring/schema/table.go:398.57,402.2 3 1
ring/schema/table.go:406.50,410.2 3 1
ring/schema/table.go:412.72,448.2 22 0
ring/schema/table.go:450.70,507.2 40 1
ring/schema/table.go:509.27,552.2 33 0
ring/schema/table.go:554.86,557.18 2 1
ring/schema/table.go:567.2,567.21 1 1
ring/schema/table.go:558.35,559.56 1 1
ring/schema/table.go:560.30,561.25 1 0
ring/schema/table.go:562.31,563.26 1 0
ring/schema/table.go:564.32,565.26 1 0
ring/schema/tablespace.go:16.48,18.2 1 0
ring/schema/index.go:21.43,30.2 8 1
ring/schema/index.go:35.35,37.2 1 1
ring/schema/index.go:39.38,41.2 1 1
ring/schema/index.go:43.45,45.2 1 1
ring/schema/index.go:47.42,49.2 1 0
ring/schema/index.go:51.37,53.2 1 1
ring/schema/index.go:55.37,57.2 1 1
ring/schema/index.go:59.39,61.2 1 1
ring/schema/index.go:63.37,65.2 1 1
ring/schema/index.go:67.49,90.2 14 1
ring/schema/index.go:95.49,97.19 1 1
ring/schema/index.go:97.19,99.36 2 1
ring/schema/index.go:99.36,101.4 1 1
ring/schema/index.go:102.8,105.3 1 0
ring/schema/field.go:58.13,78.2 6 1
ring/schema/field.go:82.104,94.2 11 1
ring/schema/field.go:99.35,101.2 1 1
ring/schema/field.go:103.38,105.2 1 1
ring/schema/field.go:107.45,109.2 1 1
ring/schema/field.go:111.51,113.2 1 1
ring/schema/field.go:115.38,117.2 1 1
ring/schema/field.go:119.46,121.2 1 1
ring/schema/field.go:123.39,125.2 1 1
ring/schema/field.go:127.38,129.2 1 1
ring/schema/field.go:131.44,133.2 1 1
ring/schema/field.go:135.37,137.2 1 1
ring/schema/field.go:139.43,141.2 1 1
ring/schema/field.go:146.36,148.107 1 1
ring/schema/field.go:151.2,151.21 1 1
ring/schema/field.go:148.107,150.3 1 1
ring/schema/field.go:154.41,157.2 1 1
ring/schema/field.go:159.38,164.2 1 1
ring/schema/field.go:166.39,169.2 1 1
ring/schema/field.go:174.80,180.16 3 1
ring/schema/field.go:180.16,182.3 1 0
ring/schema/field.go:182.8,184.3 1 1
ring/schema/field.go:187.49,212.2 16 1
ring/schema/field.go:214.110,217.2 1 1
ring/schema/field.go:222.63,223.17 1 1
ring/schema/field.go:231.2,231.31 1 1
ring/schema/field.go:224.21,225.32 1 1
ring/schema/field.go:226.22,227.32 1 1
ring/schema/field.go:228.23,229.32 1 1
ring/schema/field.go:234.87,236.18 2 1
ring/schema/field.go:257.2,257.15 1 1
ring/schema/field.go:237.30,238.54 1 0
ring/schema/field.go:241.31,241.31 0 0
ring/schema/field.go:242.35,243.54 1 1
ring/schema/field.go:254.32,254.32 0 0
ring/schema/field.go:255.31,255.31 0 0
ring/schema/field.go:238.54,240.4 1 0
ring/schema/field.go:243.54,245.43 2 1
ring/schema/field.go:245.43,246.62 1 1
ring/schema/field.go:246.62,248.6 1 0
ring/schema/field.go:248.11,251.6 1 1
ring/schema/field.go:260.88,262.2 1 1
ring/schema/field.go:264.120,267.62 2 1
ring/schema/field.go:270.2,270.15 1 1
ring/schema/field.go:267.62,269.3 1 1
ring/schema/language.go:201.41,202.72 1 1
ring/schema/language.go:209.2,209.12 1 0
ring/schema/language.go:202.72,208.3 5 1
ring/schema/language.go:215.44,217.2 1 0
ring/schema/language.go:219.44,221.2 1 0
ring/schema/language.go:223.50,225.2 1 0
ring/schema/meta.go:26.38,29.2 1 0
ring/schema/meta.go:47.37,49.2 1 0
ring/schema/meta.go:50.33,52.2 1 0
ring/schema/meta.go:57.41,59.2 1 1
ring/schema/meta.go:60.46,62.2 1 1
ring/schema/meta.go:63.47,65.2 1 1
ring/schema/meta.go:66.41,68.2 1 1
ring/schema/meta.go:69.54,82.30 2 1
ring/schema/meta.go:85.2,85.15 1 1
ring/schema/meta.go:82.30,84.3 1 0
ring/schema/meta.go:88.43,90.2 1 1
ring/schema/meta.go:91.42,93.2 1 1
ring/schema/meta.go:94.44,96.2 1 1
ring/schema/meta.go:97.40,99.2 1 1
ring/schema/meta.go:100.40,102.2 1 1
ring/schema/meta.go:103.57,110.30 2 0
ring/schema/meta.go:113.2,113.15 1 0
ring/schema/meta.go:110.30,112.3 1 0
ring/schema/meta.go:116.63,122.31 2 1
ring/schema/meta.go:125.2,125.15 1 1
ring/schema/meta.go:122.31,124.3 1 0
ring/schema/meta.go:129.36,130.64 1 1
ring/schema/meta.go:139.2,139.12 1 0
ring/schema/meta.go:130.64,138.3 3 1
ring/schema/meta.go:142.42,143.67 1 1
ring/schema/meta.go:151.2,151.12 1 0
ring/schema/meta.go:143.67,150.3 3 1
ring/schema/meta.go:154.36,155.64 1 1
ring/schema/meta.go:163.2,163.12 1 0
ring/schema/meta.go:155.64,162.3 4 1
ring/schema/meta.go:171.52,173.2 1 1
ring/schema/meta.go:174.47,176.2 1 1
ring/schema/meta.go:177.53,179.2 1 1
ring/schema/meta.go:180.45,188.2 4 1
ring/schema/meta.go:189.49,191.2 1 1
ring/schema/meta.go:192.48,194.2 1 1
ring/schema/meta.go:196.50,198.2 1 1
ring/schema/meta.go:200.46,202.2 1 1
ring/schema/meta.go:203.46,205.2 1 1
ring/schema/meta.go:207.75,215.2 4 1
ring/schema/meta.go:218.60,220.22 2 1
ring/schema/meta.go:220.22,223.20 3 1
ring/schema/meta.go:223.20,225.4 1 1
ring/schema/meta.go:225.9,227.4 1 1
ring/schema/meta.go:231.52,233.2 1 1
ring/schema/relation.go:23.117,34.2 10 1
ring/schema/relation.go:39.41,41.2 1 1
ring/schema/relation.go:43.44,45.2 1 1
ring/schema/relation.go:47.51,49.2 1 1
ring/schema/relation.go:51.59,53.2 1 1
ring/schema/relation.go:55.52,57.2 1 1
ring/schema/relation.go:59.47,61.2 1 1
ring/schema/relation.go:63.63,65.2 1 1
ring/schema/relation.go:67.44,69.2 1 1
ring/schema/relation.go:71.45,73.2 1 1
ring/schema/relation.go:75.43,77.2 1 1
ring/schema/relation.go:82.58,84.2 1 0
ring/schema/relation.go:86.55,96.29 5 1
ring/schema/relation.go:101.2,112.15 9 1
ring/schema/relation.go:96.29,98.3 1 0
ring/schema/relation.go:98.9,100.3 0 1
ring/schema/sequence.go:13.33,20.2 6 0
ring/schema/sequence.go:25.41,27.2 1 0
ring/schema/sequence.go:29.44,31.2 1 0
ring/schema/sequence.go:33.51,35.2 1 0
ring/schema/sequence.go:37.47,39.2 1 0
ring/schema/sequence.go:41.47,43.2 1 0
ring/schema/sequence.go:45.46,47.2 1 0
