mode: set
ring/data/node.go:30.40,32.2 1 0
ring/data/node.go:37.39,42.43 4 0
ring/data/node.go:50.2,50.20 1 0
ring/data/node.go:42.43,48.3 5 0
ring/data/node.go:52.35,55.30 3 1
ring/data/node.go:59.2,59.15 1 1
ring/data/node.go:55.30,58.3 2 1
ring/data/node.go:61.52,64.43 3 1
ring/data/node.go:71.2,71.12 1 1
ring/data/node.go:64.43,65.17 1 1
ring/data/node.go:68.3,69.6 2 1
ring/data/node.go:65.17,67.4 1 1
ring/data/node.go:73.63,75.66 2 1
ring/data/node.go:75.66,76.20 1 1
ring/data/node.go:76.20,79.21 3 1
ring/data/node.go:84.4,84.9 1 1
ring/data/node.go:79.21,81.5 1 1
ring/data/node.go:81.10,83.5 1 1
ring/data/node.go:85.9,86.31 1 1
ring/data/node.go:93.4,93.34 1 1
ring/data/node.go:86.31,88.23 1 1
ring/data/node.go:91.5,91.33 1 1
ring/data/node.go:88.23,90.6 1 1
ring/data/node.go:97.56,99.66 2 1
ring/data/node.go:108.2,108.14 1 1
ring/data/node.go:99.66,100.20 1 1
ring/data/node.go:103.3,103.30 1 1
ring/data/node.go:106.3,106.33 1 1
ring/data/node.go:100.20,102.4 1 1
ring/data/node.go:103.30,104.9 1 1
ring/data/node.go:110.63,111.11 1 1
ring/data/node.go:111.11,114.7 3 1
ring/data/node.go:114.7,117.20 3 1
ring/data/node.go:120.4,120.31 1 1
ring/data/node.go:123.4,123.34 1 1
ring/data/node.go:117.20,118.10 1 1
ring/data/node.go:120.31,122.5 1 1
ring/data/node.go:125.8,127.3 1 1
ring/data/node.go:131.42,135.25 4 1
ring/data/node.go:143.2,143.15 1 1
ring/data/node.go:135.25,142.3 6 1
ring/data/node.go:150.51,153.6 3 1
ring/data/node.go:153.6,156.46 3 1
ring/data/node.go:159.3,159.33 1 1
ring/data/node.go:156.46,157.9 1 1
ring/data/record.go:31.53,33.2 1 0
ring/data/record.go:34.48,36.2 1 0
ring/data/record.go:39.33,53.2 13 0
ring/data/record.go:54.34,57.2 2 0
ring/data/record.go:58.51,60.2 1 0
ring/data/record.go:65.62,67.30 2 1
ring/data/record.go:72.2,72.12 1 1
ring/data/record.go:67.30,69.3 1 1
ring/data/record.go:69.8,71.3 1 0
ring/data/record.go:75.52,76.30 1 1
ring/data/record.go:87.2,87.19 1 1
ring/data/record.go:76.30,78.19 2 1
ring/data/record.go:78.19,80.27 2 1
ring/data/record.go:80.27,82.5 1 1
ring/data/record.go:82.10,84.5 1 1
ring/data/record.go:90.70,91.30 1 1
ring/data/record.go:98.2,98.43 1 1
ring/data/record.go:91.30,93.19 2 1
ring/data/record.go:96.3,96.91 1 1
ring/data/record.go:93.19,95.4 1 1
ring/data/record.go:101.38,103.30 2 1
ring/data/record.go:110.2,110.15 1 1
ring/data/record.go:103.30,106.41 3 1
ring/data/record.go:106.41,108.4 1 1
ring/data/record.go:113.38,114.30 1 0
ring/data/record.go:117.2,120.57 4 0
ring/data/record.go:137.2,137.20 1 0
ring/data/record.go:114.30,116.3 1 0
ring/data/record.go:120.57,128.49 5 0
ring/data/record.go:135.3,135.23 1 0
ring/data/record.go:128.49,132.4 3 0
ring/data/record.go:132.9,134.4 1 0
ring/data/record.go:143.42,144.30 1 1
ring/data/record.go:144.30,146.17 2 1
ring/data/record.go:146.17,148.4 1 1
ring/data/record.go:152.40,153.30 1 1
ring/data/record.go:162.2,162.27 1 1
ring/data/record.go:153.30,155.17 2 1
ring/data/record.go:155.17,157.18 2 1
ring/data/record.go:157.18,159.5 1 1
ring/data/record.go:165.75,168.22 3 1
ring/data/record.go:223.2,225.16 3 1
ring/data/record.go:234.2,234.12 1 1
ring/data/record.go:169.14,171.8 2 1
ring/data/record.go:172.15,175.8 2 1
ring/data/record.go:176.15,178.8 2 1
ring/data/record.go:179.11,181.8 2 1
ring/data/record.go:182.12,184.8 2 1
ring/data/record.go:185.12,187.8 2 1
ring/data/record.go:188.12,190.8 2 1
ring/data/record.go:191.13,193.8 2 1
ring/data/record.go:194.13,196.8 2 1
ring/data/record.go:197.13,199.8 2 1
ring/data/record.go:200.13,202.8 2 1
ring/data/record.go:203.14,205.8 2 1
ring/data/record.go:206.14,208.8 2 1
ring/data/record.go:209.14,211.8 2 1
ring/data/record.go:212.17,214.25 2 1
ring/data/record.go:219.3,219.8 1 1
ring/data/record.go:220.10,221.41 1 1
ring/data/record.go:214.25,218.4 2 1
ring/data/record.go:225.16,226.32 1 1
ring/data/record.go:226.32,229.4 2 1
ring/data/record.go:230.8,233.3 2 1
ring/data/record.go:237.63,239.23 1 1
ring/data/record.go:255.2,255.32 1 1
ring/data/record.go:239.23,241.19 2 1
ring/data/record.go:241.19,243.36 1 1
ring/data/record.go:243.36,245.5 1 1
ring/data/record.go:245.10,249.43 1 1
ring/data/record.go:249.43,251.6 1 1
ring/data/record.go:258.58,259.32 1 1
ring/data/record.go:272.2,272.12 1 1
ring/data/record.go:259.32,261.16 2 1
ring/data/record.go:261.16,263.73 2 1
ring/data/record.go:269.4,269.17 1 1
ring/data/record.go:263.73,264.55 1 1
ring/data/record.go:264.55,267.6 2 1
ring/data/record.go:275.46,276.32 1 1
ring/data/record.go:279.2,279.53 1 1
ring/data/record.go:276.32,278.3 1 1
ring/data/record.go:279.54,282.3 0 1
ring/data/record.go:282.8,285.3 1 1
ring/data/bulkretrieve.go:31.64,33.22 2 0
ring/data/bulkretrieve.go:36.2,36.35 1 0
ring/data/bulkretrieve.go:33.22,34.57 1 0
ring/data/bulkretrieve.go:39.74,41.2 1 0
ring/data/bulkretrieve.go:43.68,47.2 2 0
ring/data/bulkretrieve.go:52.88,53.30 1 0
ring/data/bulkretrieve.go:58.2,59.29 2 0
ring/data/bulkretrieve.go:62.2,62.29 1 0
ring/data/bulkretrieve.go:65.2,65.39 1 0
ring/data/bulkretrieve.go:68.2,69.18 2 0
ring/data/bulkretrieve.go:72.2,73.12 2 0
ring/data/bulkretrieve.go:53.30,57.3 2 0
ring/data/bulkretrieve.go:59.29,61.3 1 0
ring/data/bulkretrieve.go:62.29,64.3 1 0
ring/data/bulkretrieve.go:65.39,67.3 1 0
ring/data/bulkretrieve.go:69.18,71.3 1 0
ring/data/bulkretrieve.go:77.29,80.48 2 0
ring/data/bulkretrieve.go:85.2,88.18 3 0
ring/data/bulkretrieve.go:92.2,93.16 2 0
ring/data/bulkretrieve.go:96.2,96.12 1 0
ring/data/bulkretrieve.go:80.48,82.3 1 0
ring/data/bulkretrieve.go:88.18,90.3 1 0
ring/data/bulkretrieve.go:93.16,95.3 1 0
ring/data/bulkretrieve.go:99.124,102.48 2 0
ring/data/bulkretrieve.go:107.2,110.18 3 0
ring/data/bulkretrieve.go:113.2,116.12 3 0
ring/data/bulkretrieve.go:102.48,104.3 1 0
ring/data/bulkretrieve.go:110.18,112.3 1 0
ring/data/bulkretrieve.go:119.59,121.2 1 0
ring/data/bulkretrieve.go:123.70,125.30 2 0
ring/data/bulkretrieve.go:129.2,130.22 2 0
ring/data/bulkretrieve.go:125.30,128.3 2 0
ring/data/bulkretrieve.go:133.43,134.30 1 0
ring/data/bulkretrieve.go:134.30,137.3 1 0
ring/data/bulkretrieve.go:140.95,142.48 2 0
ring/data/bulkretrieve.go:145.2,145.19 1 0
ring/data/bulkretrieve.go:148.2,148.21 1 0
ring/data/bulkretrieve.go:151.2,151.12 1 0
ring/data/bulkretrieve.go:142.48,144.3 1 0
ring/data/bulkretrieve.go:145.19,147.3 1 0
ring/data/bulkretrieve.go:148.21,150.3 1 0
ring/data/bulkretrieve.go:154.82,156.18 2 0
ring/data/bulkretrieve.go:159.2,162.34 4 0
ring/data/bulkretrieve.go:156.18,158.3 1 0
ring/data/bulkretrieve.go:165.69,167.18 2 0
ring/data/bulkretrieve.go:170.2,170.12 1 0
ring/data/bulkretrieve.go:167.18,169.3 1 0
ring/data/bulkretrievequery.go:33.89,41.16 6 1
ring/data/bulkretrievequery.go:47.2,53.18 6 1
ring/data/bulkretrievequery.go:68.2,69.12 2 1
ring/data/bulkretrievequery.go:41.16,42.18 1 1
ring/data/bulkretrievequery.go:45.3,45.13 1 1
ring/data/bulkretrievequery.go:42.18,44.4 1 0
ring/data/bulkretrievequery.go:53.18,56.26 3 1
ring/data/bulkretrievequery.go:59.3,59.54 1 1
ring/data/bulkretrievequery.go:64.3,66.13 3 1
ring/data/bulkretrievequery.go:56.26,58.4 1 1
ring/data/bulkretrievequery.go:59.54,63.4 3 0
ring/data/bulkretrievequery.go:75.116,86.41 9 1
ring/data/bulkretrievequery.go:108.2,108.36 1 1
ring/data/bulkretrievequery.go:86.41,89.21 3 1
ring/data/bulkretrievequery.go:89.21,93.27 3 1
ring/data/bulkretrievequery.go:101.4,101.42 1 1
ring/data/bulkretrievequery.go:104.4,104.17 1 1
ring/data/bulkretrievequery.go:93.27,96.27 2 1
ring/data/bulkretrievequery.go:99.5,99.17 1 1
ring/data/bulkretrievequery.go:96.27,98.6 1 1
ring/data/bulkretrievequery.go:101.42,103.5 1 1
ring/data/bulkretrievequery.go:111.99,119.18 7 1
ring/data/bulkretrievequery.go:137.2,137.24 1 1
ring/data/bulkretrievequery.go:119.18,121.42 2 1
ring/data/bulkretrievequery.go:121.42,123.71 2 1
ring/data/bulkretrievequery.go:123.71,125.39 2 1
ring/data/bulkretrievequery.go:128.5,130.33 3 1
ring/data/bulkretrievequery.go:133.5,133.18 1 1
ring/data/bulkretrievequery.go:125.39,127.6 1 1
ring/data/bulkretrievequery.go:130.33,132.6 1 1
ring/data/bulkretrievequery.go:140.130,141.18 1 1
ring/data/bulkretrievequery.go:142.35,145.8 3 1
ring/data/bulkretrievequery.go:149.46,153.2 3 1
ring/data/bulkretrievequery.go:155.55,167.2 9 1
ring/data/bulkretrievequery.go:169.72,172.2 2 1
ring/data/bulkretrievequery.go:174.70,176.2 1 1
ring/data/bulkretrievequeryitem.go:24.134,29.24 4 0
ring/data/bulkretrievequeryitem.go:77.2,77.20 1 0
ring/data/bulkretrievequeryitem.go:30.14,32.8 2 0
ring/data/bulkretrievequeryitem.go:33.15,36.8 2 0
ring/data/bulkretrievequeryitem.go:37.15,39.8 2 0
ring/data/bulkretrievequeryitem.go:40.11,42.8 2 0
ring/data/bulkretrievequeryitem.go:43.12,45.8 2 0
ring/data/bulkretrievequeryitem.go:46.12,48.8 2 0
ring/data/bulkretrievequeryitem.go:49.12,51.8 2 0
ring/data/bulkretrievequeryitem.go:52.13,54.8 2 0
ring/data/bulkretrievequeryitem.go:55.13,57.8 2 0
ring/data/bulkretrievequeryitem.go:58.13,60.8 2 0
ring/data/bulkretrievequeryitem.go:61.13,63.8 2 0
ring/data/bulkretrievequeryitem.go:64.14,66.8 2 0
ring/data/bulkretrievequeryitem.go:67.14,69.8 2 0
ring/data/bulkretrievequeryitem.go:70.14,72.8 2 0
ring/data/bulkretrievequeryitem.go:73.17,75.8 2 0
ring/data/bulkretrievequeryitem.go:80.101,85.2 4 1
ring/data/bulkretrievequeryitem.go:87.71,95.2 7 1
ring/data/bulksave.go:21.62,24.2 2 0
ring/data/bulksave.go:26.61,28.2 1 0
ring/data/bulksave.go:30.107,31.2 0 0
ring/data/bulksave.go:33.62,35.2 1 0
ring/data/bulksave.go:37.79,40.16 3 0
ring/data/bulksave.go:43.2,44.61 2 0
ring/data/bulksave.go:40.16,42.3 1 0
ring/data/bulksave.go:47.40,48.26 1 0
ring/data/bulksave.go:61.2,61.12 1 0
ring/data/bulksave.go:48.26,50.31 1 0
ring/data/bulksave.go:54.3,54.43 1 0
ring/data/bulksave.go:50.31,52.4 1 0
ring/data/bulksave.go:54.43,55.42 1 0
ring/data/bulksave.go:55.42,58.5 2 0
ring/data/bulksave.go:64.35,67.26 2 0
ring/data/bulksave.go:67.26,69.43 1 0
ring/data/bulksave.go:69.43,70.22 1 0
ring/data/bulksave.go:70.22,71.28 1 0
ring/data/bulksave.go:71.28,73.6 1 0
ring/data/bulksave.go:73.11,75.6 1 0
ring/data/bulksave.go:84.98,85.47 1 0
ring/data/bulksave.go:89.2,89.26 1 0
ring/data/bulksave.go:92.2,94.42 3 0
ring/data/bulksave.go:97.2,97.17 1 0
ring/data/bulksave.go:101.2,105.12 4 0
ring/data/bulksave.go:85.47,87.3 1 0
ring/data/bulksave.go:89.26,91.3 1 0
ring/data/bulksave.go:94.42,96.3 1 0
ring/data/bulksave.go:97.17,99.3 1 0
ring/data/bulksave.go:108.48,120.50 8 0
ring/data/bulksave.go:157.2,157.12 1 0
ring/data/bulksave.go:120.50,123.40 2 0
ring/data/bulksave.go:131.3,131.36 1 0
ring/data/bulksave.go:136.3,136.45 1 0
ring/data/bulksave.go:145.3,146.28 2 0
ring/data/bulksave.go:123.40,125.57 2 0
ring/data/bulksave.go:125.57,128.5 2 0
ring/data/bulksave.go:131.36,134.4 2 0
ring/data/bulksave.go:136.45,138.57 2 0
ring/data/bulksave.go:138.57,143.5 3 0
ring/data/bulksave.go:146.28,148.4 1 0
ring/data/bulksave.go:160.40,162.2 0 0
ring/data/bulksavequery.go:18.91,22.22 4 0
ring/data/bulksavequery.go:23.33,25.8 2 0
ring/data/bulksavequery.go:26.33,27.79 1 0
ring/data/bulksavequery.go:34.85,41.24 5 0
ring/data/bulksavequery.go:52.2,52.16 1 0
ring/data/bulksavequery.go:59.2,59.12 1 0
ring/data/bulksavequery.go:41.24,43.3 1 0
ring/data/bulksavequery.go:43.8,47.18 3 0
ring/data/bulksavequery.go:47.18,49.4 1 0
ring/data/bulksavequery.go:52.16,56.3 2 0
ring/data/bulksavequery.go:65.73,67.28 1 0
ring/data/bulksavequery.go:75.2,75.31 1 0
ring/data/bulksavequery.go:68.91,69.29 1 0
ring/data/bulksavequery.go:70.33,71.29 1 0
ring/data/bulksavequery.go:72.33,73.29 1 0
ring/data/bulksavequery.go:79.56,82.2 1 0
ring/data/list.go:19.31,20.22 1 1
ring/data/list.go:23.2,23.23 1 1
ring/data/list.go:20.22,22.3 1 0
ring/data/list.go:26.37,28.2 1 0
ring/data/list.go:30.33,32.2 1 0
ring/data/list.go:34.50,35.62 1 1
ring/data/list.go:38.2,38.12 1 0
ring/data/list.go:35.62,37.3 1 1
ring/data/list.go:42.54,44.22 1 0
ring/data/list.go:47.2,48.26 2 0
ring/data/list.go:63.2,63.19 1 0
ring/data/list.go:44.22,46.3 1 0
ring/data/list.go:49.11,50.8 1 0
ring/data/list.go:51.15,52.38 1 0
ring/data/list.go:56.14,57.38 1 0
ring/data/list.go:61.10,61.10 0 0
ring/data/list.go:52.38,55.4 2 0
ring/data/list.go:57.38,60.4 2 0
ring/data/list.go:63.19,65.3 1 0
ring/data/list.go:65.8,67.3 1 0
ring/data/list.go:70.27,72.2 1 0
ring/data/list.go:74.44,75.22 1 1
ring/data/list.go:78.2,78.37 1 1
ring/data/list.go:75.22,77.3 1 1
